<?xml version="1.0" encoding="UTF-8"?>
<testng-results skipped="0" failed="0" total="3" passed="3">
  <reporter-output>
  </reporter-output>
  <suite name="Default suite" duration-ms="49" started-at="2013-12-22T19:40:35Z" finished-at="2013-12-22T19:40:36Z">
    <groups>
    </groups>
    <test name="Default test" duration-ms="49" started-at="2013-12-22T19:40:35Z" finished-at="2013-12-22T19:40:36Z">
      <class name="uk.ac.cam.oda22.tests.TestAStar">
        <test-method status="PASS" signature="oneTimeSetUp()[pri:0, instance:uk.ac.cam.oda22.tests.TestAStar@58d39353]" name="oneTimeSetUp" is-config="true" duration-ms="18" started-at="2013-12-22T23:40:35Z" finished-at="2013-12-22T23:40:35Z">
          <reporter-output>
          </reporter-output>
        </test-method> <!-- oneTimeSetUp -->
        <test-method status="PASS" signature="testPathShouldBeCorrect()[pri:0, instance:uk.ac.cam.oda22.tests.TestAStar@58d39353]" name="testPathShouldBeCorrect" duration-ms="10" started-at="2013-12-22T23:40:35Z" finished-at="2013-12-22T23:40:36Z">
          <reporter-output>
          </reporter-output>
        </test-method> <!-- testPathShouldBeCorrect -->
        <test-method status="PASS" signature="testPathShouldBeFound()[pri:0, instance:uk.ac.cam.oda22.tests.TestAStar@58d39353]" name="testPathShouldBeFound" duration-ms="1" started-at="2013-12-22T23:40:36Z" finished-at="2013-12-22T23:40:36Z">
          <reporter-output>
          </reporter-output>
        </test-method> <!-- testPathShouldBeFound -->
        <test-method status="PASS" signature="testPathShouldHaveCorrectLength()[pri:0, instance:uk.ac.cam.oda22.tests.TestAStar@58d39353]" name="testPathShouldHaveCorrectLength" duration-ms="1" started-at="2013-12-22T23:40:36Z" finished-at="2013-12-22T23:40:36Z">
          <reporter-output>
          </reporter-output>
        </test-method> <!-- testPathShouldHaveCorrectLength -->
      </class> <!-- uk.ac.cam.oda22.tests.TestAStar -->
    </test> <!-- Default test -->
  </suite> <!-- Default suite -->
</testng-results>
