<?xml version="1.0" encoding="UTF-8"?>
<!-- Generated by org.testng.reporters.JUnitXMLReporter -->
<testsuite hostname="Oliver-Win7Lap" name="Default test" tests="3" failures="0" timestamp="22 Dec 2013 19:40:36 GMT" time="0.049" errors="0">
  <testcase name="testPathShouldBeCorrect" time="0.01" classname="uk.ac.cam.oda22.tests.TestAStar"/>
  <testcase name="testPathShouldBeFound" time="0.001" classname="uk.ac.cam.oda22.tests.TestAStar"/>
  <testcase name="testPathShouldHaveCorrectLength" time="0.001" classname="uk.ac.cam.oda22.tests.TestAStar"/>
</testsuite> <!-- Default test -->
